Setting pipeline to PAUSED ...
/GstPlayBin:playbin0/GstURIDecodeBin:uridecodebin0: ring-buffer-max-size = 0
/GstPlayBin:playbin0/GstURIDecodeBin:uridecodebin0: buffer-size = -1
/GstPlayBin:playbin0/GstURIDecodeBin:uridecodebin0: buffer-duration = -1
/GstPlayBin:playbin0/GstURIDecodeBin:uridecodebin0: use-buffering = false
/GstPlayBin:playbin0/GstURIDecodeBin:uridecodebin0: download = false
/GstPlayBin:playbin0/GstURIDecodeBin:uridecodebin0: uri = dvb://Das Erste
/GstPlayBin:playbin0/GstURIDecodeBin:uridecodebin0: connection-speed = 0
/GstPlayBin:playbin0/GstURIDecodeBin:uridecodebin0: source = "\(DvbBaseBin\)\ source"
Pipeline is live and does not need PREROLL ...
/GstPlayBin:playbin0/GstURIDecodeBin:uridecodebin0/DvbBaseBin:source/GstDvbSrc:dvbsrc0.GstPad:src: caps = video/mpegts, mpegversion=(int)2, systemstream=(boolean)true
/GstPlayBin:playbin0/GstURIDecodeBin:uridecodebin0/DvbBaseBin:source/GstQueue:queue0.GstPad:src: caps = video/mpegts, mpegversion=(int)2, systemstream=(boolean)true
/GstPlayBin:playbin0/GstURIDecodeBin:uridecodebin0/DvbBaseBin:source/MpegTSParse2:mpegtsparse2-0.GstPad:sink: caps = video/mpegts, mpegversion=(int)2, systemstream=(boolean)true
/GstPlayBin:playbin0/GstURIDecodeBin:uridecodebin0/DvbBaseBin:source/MpegTSParse2:mpegtsparse2-0.GstPad:sink: caps = video/mpegts, mpegversion=(int)2, systemstream=(boolean)true
Setting pipeline to PLAYING ...
New clock: GstSystemClock
/GstPlayBin:playbin0/GstURIDecodeBin:uridecodebin0/DvbBaseBin:source/MpegTSParse2:mpegtsparse2-0.GstPad:src: caps = video/mpegts, systemstream=(boolean)true, packetsize=(int)188
/GstPlayBin:playbin0/GstURIDecodeBin:uridecodebin0/DvbBaseBin:source.GstGhostPad:src: caps = video/mpegts, systemstream=(boolean)true, packetsize=(int)188
/GstPlayBin:playbin0/GstURIDecodeBin:uridecodebin0/GstDecodeBin:decodebin0.GstGhostPad:sink.GstProxyPad:proxypad1: caps = video/mpegts, systemstream=(boolean)true, packetsize=(int)188
/GstPlayBin:playbin0/GstURIDecodeBin:uridecodebin0/GstDecodeBin:decodebin0/GstTypeFindElement:typefind.GstPad:src: caps = video/mpegts, systemstream=(boolean)true, packetsize=(int)188
/GstPlayBin:playbin0/GstURIDecodeBin:uridecodebin0/GstDecodeBin:decodebin0/GstTypeFindElement:typefind.GstPad:sink: caps = video/mpegts, systemstream=(boolean)true, packetsize=(int)188
/GstPlayBin:playbin0/GstURIDecodeBin:uridecodebin0/GstDecodeBin:decodebin0.GstGhostPad:sink: caps = video/mpegts, systemstream=(boolean)true, packetsize=(int)188
/GstPlayBin:playbin0/GstURIDecodeBin:uridecodebin0/DvbBaseBin:source.GstGhostPad:src.GstProxyPad:proxypad0: caps = video/mpegts, systemstream=(boolean)true, packetsize=(int)188
/GstPlayBin:playbin0/GstURIDecodeBin:uridecodebin0/GstDecodeBin:decodebin0/GstTSDemux:tsdemux0.GstPad:sink: caps = video/mpegts, systemstream=(boolean)true, packetsize=(int)188
Missing element: Teletext decoder
WARNING: from element /GstPlayBin:playbin0/GstURIDecodeBin:uridecodebin0: No decoder available for type 'application/x-teletext'.
Additional debug info:
/development/hummingboard/openpli40/openpli-oe-core/build/tmp/work/cortexa9hf-vfp-neon-oe-linux-gnueabi/gstreamer1.0-plugins-base/1.2.4-r0/gst-plugins-base-1.2.4/gst/playback/gsturidecodebin.c(930): unknown_type_cb (): /GstPlayBin:playbin0/GstURIDecodeBin:uridecodebin0
/GstPlayBin:playbin0/GstURIDecodeBin:uridecodebin0/DvbBaseBin:source/GstDvbSrc:dvbsrc0.GstPad:src: caps = video/mpegts, mpegversion=(int)2, systemstream=(boolean)true
/GstPlayBin:playbin0/GstURIDecodeBin:uridecodebin0/DvbBaseBin:source/GstQueue:queue0.GstPad:sink: caps = video/mpegts, mpegversion=(int)2, systemstream=(boolean)true
/GstPlayBin:playbin0/GstURIDecodeBin:uridecodebin0/GstDecodeBin:decodebin0/GstMultiQueue:multiqueue0.GstPad:sink_0: caps = video/mpeg, mpegversion=(int)2, systemstream=(boolean)false
/GstPlayBin:playbin0/GstURIDecodeBin:uridecodebin0/GstDecodeBin:decodebin0/GstMultiQueue:multiqueue0.GstPad:sink_0: caps = video/mpeg, mpegversion=(int)2, systemstream=(boolean)false
/GstPlayBin:playbin0/GstURIDecodeBin:uridecodebin0/DvbBaseBin:source/GstQueue:queue0.GstPad:src: caps = video/mpegts, mpegversion=(int)2, systemstream=(boolean)true
/GstPlayBin:playbin0/GstURIDecodeBin:uridecodebin0/DvbBaseBin:source/MpegTSParse2:mpegtsparse2-0.GstPad:sink: caps = video/mpegts, mpegversion=(int)2, systemstream=(boolean)true
/GstPlayBin:playbin0/GstURIDecodeBin:uridecodebin0/DvbBaseBin:source/GstDvbSrc:dvbsrc0.GstPad:src: caps = video/mpegts, mpegversion=(int)2, systemstream=(boolean)true
/GstPlayBin:playbin0/GstURIDecodeBin:uridecodebin0/DvbBaseBin:source/GstQueue:queue0.GstPad:sink: caps = video/mpegts, mpegversion=(int)2, systemstream=(boolean)true
/GstPlayBin:playbin0/GstURIDecodeBin:uridecodebin0/GstDecodeBin:decodebin0/GstMpegvParse:mpegvparse0.GstPad:sink: caps = video/mpeg, mpegversion=(int)2, systemstream=(boolean)false
/GstPlayBin:playbin0/GstURIDecodeBin:uridecodebin0/GstDecodeBin:decodebin0/GstMultiQueue:multiqueue0.GstPad:sink_1: caps = audio/mpeg, mpegversion=(int)1
/GstPlayBin:playbin0/GstURIDecodeBin:uridecodebin0/GstDecodeBin:decodebin0/GstMultiQueue:multiqueue0.GstPad:sink_1: caps = audio/mpeg, mpegversion=(int)1
/GstPlayBin:playbin0/GstURIDecodeBin:uridecodebin0/GstDecodeBin:decodebin0/GstMpegAudioParse:mpegaudioparse0.GstPad:sink: caps = audio/mpeg, mpegversion=(int)1
/GstPlayBin:playbin0/GstURIDecodeBin:uridecodebin0/GstDecodeBin:decodebin0/GstMultiQueue:multiqueue0.GstPad:sink_2: caps = audio/mpeg, mpegversion=(int)1
/GstPlayBin:playbin0/GstURIDecodeBin:uridecodebin0/GstDecodeBin:decodebin0/GstMultiQueue:multiqueue0.GstPad:sink_2: caps = audio/mpeg, mpegversion=(int)1
/GstPlayBin:playbin0/GstURIDecodeBin:uridecodebin0/DvbBaseBin:source/GstQueue:queue0.GstPad:src: caps = video/mpegts, mpegversion=(int)2, systemstream=(boolean)true
/GstPlayBin:playbin0/GstURIDecodeBin:uridecodebin0/DvbBaseBin:source/MpegTSParse2:mpegtsparse2-0.GstPad:sink: caps = video/mpegts, mpegversion=(int)2, systemstream=(boolean)true
/GstPlayBin:playbin0/GstURIDecodeBin:uridecodebin0/DvbBaseBin:source/GstDvbSrc:dvbsrc0.GstPad:src: caps = video/mpegts, mpegversion=(int)2, systemstream=(boolean)true
/GstPlayBin:playbin0/GstURIDecodeBin:uridecodebin0/DvbBaseBin:source/GstQueue:queue0.GstPad:sink: caps = video/mpegts, mpegversion=(int)2, systemstream=(boolean)true
/GstPlayBin:playbin0/GstURIDecodeBin:uridecodebin0/DvbBaseBin:source/GstQueue:queue0.GstPad:sink: caps = video/mpegts, mpegversion=(int)2, systemstream=(boolean)true
/GstPlayBin:playbin0/GstURIDecodeBin:uridecodebin0/GstDecodeBin:decodebin0/GstMpegAudioParse:mpegaudioparse1.GstPad:sink: caps = audio/mpeg, mpegversion=(int)1
/GstPlayBin:playbin0/GstURIDecodeBin:uridecodebin0/GstDecodeBin:decodebin0/GstMpegAudioParse:mpegaudioparse1.GstPad:src: caps = audio/mpeg, mpegversion=(int)1, mpegaudioversion=(int)1, layer=(int)2, rate=(int)48000, channels=(int)2, parsed=(boolean)true
/GstPlayBin:playbin0/GstURIDecodeBin:uridecodebin0/GstDecodeBin:decodebin0/GstMpegAudioParse:mpegaudioparse1.GstPad:src: caps = audio/mpeg, mpegversion=(int)1, mpegaudioversion=(int)1, layer=(int)2, rate=(int)48000, channels=(int)2, parsed=(boolean)true
/GstPlayBin:playbin0/GstURIDecodeBin:uridecodebin0/GstDecodeBin:decodebin0/GstMpegAudioParse:mpegaudioparse1.GstPad:src: caps = audio/mpeg, mpegversion=(int)1, mpegaudioversion=(int)1, layer=(int)2, rate=(int)48000, channels=(int)2, parsed=(boolean)true
/GstPlayBin:playbin0/GstURIDecodeBin:uridecodebin0/GstDecodeBin:decodebin0/GstMad:mad1.GstPad:sink: caps = audio/mpeg, mpegversion=(int)1, mpegaudioversion=(int)1, layer=(int)2, rate=(int)48000, channels=(int)2, parsed=(boolean)true
/GstPlayBin:playbin0/GstURIDecodeBin:uridecodebin0/GstDecodeBin:decodebin0/GstMad:mad0.GstPad:src: caps = audio/x-raw, format=(string)S32LE, layout=(string)interleaved, rate=(int)48000, channels=(int)2, channel-mask=(bitmask)0x0000000000000003
/GstPlayBin:playbin0/GstURIDecodeBin:uridecodebin0/GstDecodeBin:decodebin0/GstMad:mad1.GstPad:src: caps = audio/x-raw, format=(string)S32LE, layout=(string)interleaved, rate=(int)48000, channels=(int)2, channel-mask=(bitmask)0x0000000000000003
/GstPlayBin:playbin0/GstURIDecodeBin:uridecodebin0/DvbBaseBin:source/GstDvbSrc:dvbsrc0.GstPad:src: caps = video/mpegts, mpegversion=(int)2, systemstream=(boolean)true
/GstPlayBin:playbin0/GstURIDecodeBin:uridecodebin0/DvbBaseBin:source/GstQueue:queue0.GstPad:sink: caps = video/mpegts, mpegversion=(int)2, systemstream=(boolean)true
/GstPlayBin:playbin0/GstURIDecodeBin:uridecodebin0/DvbBaseBin:source/GstQueue:queue0.GstPad:sink: caps = video/mpegts, mpegversion=(int)2, systemstream=(boolean)true
/GstPlayBin:playbin0/GstURIDecodeBin:uridecodebin0/DvbBaseBin:source/GstDvbSrc:dvbsrc0.GstPad:src: caps = video/mpegts, mpegversion=(int)2, systemstream=(boolean)true
/GstPlayBin:playbin0/GstURIDecodeBin:uridecodebin0/DvbBaseBin:source/GstQueue:queue0.GstPad:sink: caps = video/mpegts, mpegversion=(int)2, systemstream=(boolean)true
/GstPlayBin:playbin0/GstURIDecodeBin:uridecodebin0/DvbBaseBin:source/GstQueue:queue0.GstPad:sink: caps = video/mpegts, mpegversion=(int)2, systemstream=(boolean)true
[INFO]	Product Info: i.MX6Q/D/S
/GstPlayBin:playbin0/GstURIDecodeBin:uridecodebin0/DvbBaseBin:source/GstDvbSrc:dvbsrc0.GstPad:src: caps = video/mpegts, mpegversion=(int)2, systemstream=(boolean)true
/GstPlayBin:playbin0/GstURIDecodeBin:uridecodebin0/DvbBaseBin:source/GstQueue:queue0.GstPad:sink: caps = video/mpegts, mpegversion=(int)2, systemstream=(boolean)true
/GstPlayBin:playbin0/GstURIDecodeBin:uridecodebin0/DvbBaseBin:source/GstQueue:queue0.GstPad:sink: caps = video/mpegts, mpegversion=(int)2, systemstream=(boolean)true
/GstPlayBin:playbin0/GstURIDecodeBin:uridecodebin0/GstDecodeBin:decodebin0/GstMpegvParse:mpegvparse0.GstPad:src: caps = video/mpeg, mpegversion=(int)2, systemstream=(boolean)false, parsed=(boolean)true, width=(int)720, height=(int)576, framerate=(fraction)25/1, pixel-aspect-ratio=(fraction)64/45, codec_data=(buffer)000001b32d024033111723821028283232323a3a383842424c464c5a5a5a5650565a585c5c6466667a78786662665a606a6e6e747e7e888e8a82827a82a8acacacacfb06fafb177b17b9b9ff1415151a1a1a1d1d1d1d24242927292e2e2e2c2c2c2e3030303335353d3d3d35353533333c3c3f3f4040424542414141414b4b4b4b4b717171718787879f9fd1000001b5148200010000, profile=(string)main, level=(string)main, interlace-mode=(string)mixed
/GstPlayBin:playbin0/GstURIDecodeBin:uridecodebin0/GstDecodeBin:decodebin0/GstImxVpuDec:imxvpudec0.GstPad:sink: caps = video/mpeg, mpegversion=(int)2, systemstream=(boolean)false, parsed=(boolean)true, width=(int)720, height=(int)576, framerate=(fraction)25/1, pixel-aspect-ratio=(fraction)64/45, codec_data=(buffer)000001b32d024033111723821028283232323a3a383842424c464c5a5a5a5650565a585c5c6466667a78786662665a606a6e6e747e7e888e8a82827a82a8acacacacfb06fafb177b17b9b9ff1415151a1a1a1d1d1d1d24242927292e2e2e2c2c2c2e3030303335353d3d3d35353533333c3c3f3f4040424542414141414b4b4b4b4b717171718787879f9fd1000001b5148200010000, profile=(string)main, level=(string)main, interlace-mode=(string)mixed
[INFO]	bitstreamMode 1, chromaInterleave 0, mapType 0, tiled2LinearEnable 0
/GstPlayBin:playbin0/GstURIDecodeBin:uridecodebin0/GstDecodeBin:decodebin0/GstImxVpuDec:imxvpudec0.GstPad:src: caps = video/x-raw, format=(string)I420, width=(int)720, height=(int)576, pixel-aspect-ratio=(fraction)64/45, interlace-mode=(string)interleaved, colorimetry=(string)bt601, framerate=(fraction)25/1
/GstPlayBin:playbin0/GstURIDecodeBin:uridecodebin0/GstDecodeBin:decodebin0/GstMultiQueue:multiqueue0: max-size-buffers = 5
/GstPlayBin:playbin0/GstURIDecodeBin:uridecodebin0/GstDecodeBin:decodebin0/GstMultiQueue:multiqueue0: max-size-time = 0
/GstPlayBin:playbin0/GstURIDecodeBin:uridecodebin0/GstDecodeBin:decodebin0/GstMultiQueue:multiqueue0: max-size-bytes = 2097152
/GstPlayBin:playbin0/GstURIDecodeBin:uridecodebin0/GstDecodeBin:decodebin0/GstMultiQueue:multiqueue0.GstPad:src_3: caps = subpicture/x-dvb
/GstPlayBin:playbin0/GstURIDecodeBin:uridecodebin0/GstDecodeBin:decodebin0/GstMultiQueue:multiqueue0: max-size-buffers = 5
/GstPlayBin:playbin0/GstURIDecodeBin:uridecodebin0/GstDecodeBin:decodebin0/GstMultiQueue:multiqueue0: max-size-time = 0
/GstPlayBin:playbin0/GstURIDecodeBin:uridecodebin0/GstDecodeBin:decodebin0/GstMultiQueue:multiqueue0: max-size-bytes = 2097152
/GstPlayBin:playbin0/GstInputSelector:inputselector0.GstSelectorPad:sink_0: always-ok = false
/GstPlayBin:playbin0/GstInputSelector:inputselector1.GstSelectorPad:sink_0: always-ok = false
/GstPlayBin:playbin0/GstURIDecodeBin:uridecodebin0/DvbBaseBin:source/GstDvbSrc:dvbsrc0.GstPad:src: caps = video/mpegts, mpegversion=(int)2, systemstream=(boolean)true
/GstPlayBin:playbin0/GstURIDecodeBin:uridecodebin0/DvbBaseBin:source/GstQueue:queue0.GstPad:sink: caps = video/mpegts, mpegversion=(int)2, systemstream=(boolean)true
/GstPlayBin:playbin0/GstInputSelector:inputselector1.GstSelectorPad:sink_1: always-ok = false
/GstPlayBin:playbin0/GstURIDecodeBin:uridecodebin0/DvbBaseBin:source/GstQueue:queue0.GstPad:sink: caps = video/mpegts, mpegversion=(int)2, systemstream=(boolean)true
/GstPlayBin:playbin0/GstInputSelector:inputselector2.GstSelectorPad:sink_0: always-ok = false
/GstPlayBin:playbin0/GstInputSelector:inputselector0.GstSelectorPad:sink_0: active = true
/GstPlayBin:playbin0/GstInputSelector:inputselector1: active-pad = "\(GstSelectorPad\)\ sink_0"
/GstPlayBin:playbin0/GstInputSelector:inputselector0.GstSelectorPad:sink_0: active = true
/GstPlayBin:playbin0/GstInputSelector:inputselector0: active-pad = "\(GstSelectorPad\)\ sink_0"
/GstPlayBin:playbin0/GstInputSelector:inputselector2.GstSelectorPad:sink_0: active = true
/GstPlayBin:playbin0/GstInputSelector:inputselector1.GstSelectorPad:sink_1: caps = audio/x-raw, format=(string)S32LE, layout=(string)interleaved, rate=(int)48000, channels=(int)2, channel-mask=(bitmask)0x0000000000000003
/GstPlayBin:playbin0/GstInputSelector:inputselector2: active-pad = "\(GstSelectorPad\)\ sink_0"
/GstPlayBin:playbin0/GstURIDecodeBin:uridecodebin0.GstGhostPad:src_2.GstProxyPad:proxypad10: caps = audio/x-raw, format=(string)S32LE, layout=(string)interleaved, rate=(int)48000, channels=(int)2, channel-mask=(bitmask)0x0000000000000003
/GstPlayBin:playbin0/GstInputSelector:inputselector1.GstSelectorPad:sink_1: tags = "taglist\,\ language-code\=\(string\)mis\,\ audio-codec\=\(string\)\"MPEG\\\ 1\\\ Audio\\\,\\\ Layer\\\ 2\"\,\ nominal-bitrate\=\(uint\)192000\,\ has-crc\=\(boolean\)false\,\ channel-mode\=\(string\)stereo\;"
/GstPlayBin:playbin0/GstURIDecodeBin:uridecodebin0/DvbBaseBin:source/GstDvbSrc:dvbsrc0.GstPad:src: caps = video/mpegts, mpegversion=(int)2, systemstream=(boolean)true
/GstPlayBin:playbin0/GstURIDecodeBin:uridecodebin0/DvbBaseBin:source/GstQueue:queue0.GstPad:sink: caps = video/mpegts, mpegversion=(int)2, systemstream=(boolean)true
/GstPlayBin:playbin0/GstURIDecodeBin:uridecodebin0/DvbBaseBin:source/GstQueue:queue0.GstPad:sink: caps = video/mpegts, mpegversion=(int)2, systemstream=(boolean)true
/GstPlayBin:playbin0/GstPlaySink:playsink: volume = 1
/GstPlayBin:playbin0/GstURIDecodeBin:uridecodebin0/DvbBaseBin:source/GstDvbSrc:dvbsrc0.GstPad:src: caps = video/mpegts, mpegversion=(int)2, systemstream=(boolean)true
/GstPlayBin:playbin0/GstPlaySink:playsink: mute = false
/GstPlayBin:playbin0/GstURIDecodeBin:uridecodebin0/DvbBaseBin:source/GstQueue:queue0.GstPad:sink: caps = video/mpegts, mpegversion=(int)2, systemstream=(boolean)true
/GstPlayBin:playbin0/GstURIDecodeBin:uridecodebin0/DvbBaseBin:source/GstQueue:queue0.GstPad:sink: caps = video/mpegts, mpegversion=(int)2, systemstream=(boolean)true
/GstPlayBin:playbin0/GstURIDecodeBin:uridecodebin0/DvbBaseBin:source/GstQueue:queue0.GstPad:sink: caps = video/mpegts, mpegversion=(int)2, systemstream=(boolean)true
/GstPlayBin:playbin0/GstPlaySink:playsink/GstBin:abin/GstAlsaSink:alsasink1: ts-offset = 0
/GstPlayBin:playbin0/GstPlaySink:playsink/GstBin:vbin/GstImxIpuSink:imxipusink0: ts-offset = 0
/GstPlayBin:playbin0/GstInputSelector:inputselector2.GstPad:src: caps = subpicture/x-dvb
/GstPlayBin:playbin0/GstPlaySink:playsink.GstGhostPad:text_sink.GstProxyPad:proxypad14: caps = subpicture/x-dvb
/GstPlayBin:playbin0/GstPlaySink:playsink/GstStreamSynchronizer:streamsynchronizer0.GstPad:src_2: caps = subpicture/x-dvb
/GstPlayBin:playbin0/GstPlaySink:playsink/GstBin:tbin.GstGhostPad:text_sink.GstProxyPad:proxypad27: caps = subpicture/x-dvb
/GstPlayBin:playbin0/GstPlaySink:playsink/GstBin:tbin/GstQueue:subqueue.GstPad:sink: caps = subpicture/x-dvb
/GstPlayBin:playbin0/GstPlaySink:playsink/GstBin:tbin.GstGhostPad:text_sink: caps = subpicture/x-dvb
/GstPlayBin:playbin0/GstPlaySink:playsink/GstStreamSynchronizer:streamsynchronizer0.GstPad:sink_2: caps = subpicture/x-dvb
/GstPlayBin:playbin0/GstPlaySink:playsink.GstGhostPad:text_sink: caps = subpicture/x-dvb
/GstPlayBin:playbin0/GstInputSelector:inputselector2.GstSelectorPad:sink_0: caps = subpicture/x-dvb
/GstPlayBin:playbin0/GstURIDecodeBin:uridecodebin0.GstGhostPad:src_3.GstProxyPad:proxypad11: caps = subpicture/x-dvb
/GstPlayBin:playbin0/GstURIDecodeBin:uridecodebin0/GstDecodeBin:decodebin0.GstDecodePad:src_3.GstProxyPad:proxypad7: caps = subpicture/x-dvb
/GstPlayBin:playbin0/GstInputSelector:inputselector2.GstSelectorPad:sink_0: tags = "taglist\,\ language-code\=\(string\)de\,\ subtitle-codec\=\(string\)\"DVB\\\ subtitles\"\;"
/GstPlayBin:playbin0/GstInputSelector:inputselector1.GstPad:src: caps = audio/x-raw, format=(string)S32LE, layout=(string)interleaved, rate=(int)48000, channels=(int)2, channel-mask=(bitmask)0x0000000000000003
/GstPlayBin:playbin0/GstPlaySink:playsink.GstGhostPad:audio_sink.GstProxyPad:proxypad12: caps = audio/x-raw, format=(string)S32LE, layout=(string)interleaved, rate=(int)48000, channels=(int)2, channel-mask=(bitmask)0x0000000000000003
/GstPlayBin:playbin0/GstPlaySink:playsink/GstTee:audiotee.GstTeePad:src_0: caps = audio/x-raw, format=(string)S32LE, layout=(string)interleaved, rate=(int)48000, channels=(int)2, channel-mask=(bitmask)0x0000000000000003
/GstPlayBin:playbin0/GstPlaySink:playsink/GstStreamSynchronizer:streamsynchronizer0.GstPad:src_1: caps = audio/x-raw, format=(string)S32LE, layout=(string)interleaved, rate=(int)48000, channels=(int)2, channel-mask=(bitmask)0x0000000000000003
/GstPlayBin:playbin0/GstPlaySink:playsink/GstBin:abin.GstGhostPad:sink.GstProxyPad:proxypad22: caps = audio/x-raw, format=(string)S32LE, layout=(string)interleaved, rate=(int)48000, channels=(int)2, channel-mask=(bitmask)0x0000000000000003
/GstPlayBin:playbin0/GstPlaySink:playsink/GstBin:abin/GstQueue:aqueue.GstPad:src: caps = audio/x-raw, format=(string)S32LE, layout=(string)interleaved, rate=(int)48000, channels=(int)2, channel-mask=(bitmask)0x0000000000000003
/GstPlayBin:playbin0/GstPlaySink:playsink/GstBin:abin/GstPlaySinkAudioConvert:aconv.GstGhostPad:sink.GstProxyPad:proxypad20: caps = audio/x-raw, format=(string)S32LE, layout=(string)interleaved, rate=(int)48000, channels=(int)2, channel-mask=(bitmask)0x0000000000000003
/GstPlayBin:playbin0/GstURIDecodeBin:uridecodebin0/DvbBaseBin:source/GstDvbSrc:dvbsrc0.GstPad:src: caps = video/mpegts, mpegversion=(int)2, systemstream=(boolean)true
/GstPlayBin:playbin0/GstURIDecodeBin:uridecodebin0/DvbBaseBin:source/GstQueue:queue0.GstPad:src: caps = video/mpegts, mpegversion=(int)2, systemstream=(boolean)true
/GstPlayBin:playbin0/GstURIDecodeBin:uridecodebin0/DvbBaseBin:source/MpegTSParse2:mpegtsparse2-0.GstPad:sink: caps = video/mpegts, mpegversion=(int)2, systemstream=(boolean)true
/GstPlayBin:playbin0/GstURIDecodeBin:uridecodebin0/DvbBaseBin:source/GstQueue:queue0.GstPad:sink: caps = video/mpegts, mpegversion=(int)2, systemstream=(boolean)true
/GstPlayBin:playbin0/GstInputSelector:inputselector0.GstPad:src: caps = video/x-raw, format=(string)I420, width=(int)720, height=(int)576, pixel-aspect-ratio=(fraction)64/45, interlace-mode=(string)interleaved, colorimetry=(string)bt601, framerate=(fraction)25/1
/GstPlayBin:playbin0/GstInputSelector:inputselector0.GstPad:src: caps = video/x-raw, format=(string)I420, width=(int)720, height=(int)576, pixel-aspect-ratio=(fraction)64/45, interlace-mode=(string)interleaved, colorimetry=(string)bt601, framerate=(fraction)25/1
/GstPlayBin:playbin0/GstInputSelector:inputselector0.GstPad:src: caps = video/x-raw, format=(string)I420, width=(int)720, height=(int)576, pixel-aspect-ratio=(fraction)64/45, interlace-mode=(string)interleaved, colorimetry=(string)bt601, framerate=(fraction)25/1
/GstPlayBin:playbin0/GstInputSelector:inputselector0.GstPad:src: caps = video/x-raw, format=(string)I420, width=(int)720, height=(int)576, pixel-aspect-ratio=(fraction)64/45, interlace-mode=(string)interleaved, colorimetry=(string)bt601, framerate=(fraction)25/1
/GstPlayBin:playbin0/GstInputSelector:inputselector1.GstSelectorPad:sink_0: tags = "taglist\,\ language-code\=\(string\)de\,\ audio-codec\=\(string\)\"MPEG\\\ 1\\\ Audio\\\,\\\ Layer\\\ 2\"\,\ nominal-bitrate\=\(uint\)192000\,\ has-crc\=\(boolean\)false\,\ channel-mode\=\(string\)stereo\;"
/GstPlayBin:playbin0/GstPlaySink:playsink.GstGhostPad:video_sink.GstProxyPad:proxypad13: caps = video/x-raw, format=(string)I420, width=(int)720, height=(int)576, pixel-aspect-ratio=(fraction)64/45, interlace-mode=(string)interleaved, colorimetry=(string)bt601, framerate=(fraction)25/1
/GstPlayBin:playbin0/GstInputSelector:inputselector1.GstSelectorPad:sink_0: tags = "taglist\,\ language-code\=\(string\)de\,\ audio-codec\=\(string\)\"MPEG\\\ 1\\\ Audio\\\,\\\ Layer\\\ 2\"\,\ nominal-bitrate\=\(uint\)192000\,\ has-crc\=\(boolean\)false\,\ channel-mode\=\(string\)stereo\,\ minimum-bitrate\=\(uint\)192000\,\ bitrate\=\(uint\)192000\,\ maximum-bitrate\=\(uint\)192000\;"
/GstPlayBin:playbin0/GstInputSelector:inputselector1.GstSelectorPad:sink_1: tags = "taglist\,\ language-code\=\(string\)mis\,\ audio-codec\=\(string\)\"MPEG\\\ 1\\\ Audio\\\,\\\ Layer\\\ 2\"\,\ nominal-bitrate\=\(uint\)192000\,\ has-crc\=\(boolean\)false\,\ channel-mode\=\(string\)stereo\,\ minimum-bitrate\=\(uint\)192000\,\ bitrate\=\(uint\)192000\,\ maximum-bitrate\=\(uint\)192000\;"
/GstPlayBin:playbin0/GstPlaySink:playsink/GstStreamSynchronizer:streamsynchronizer0.GstPad:src_0: caps = video/x-raw, format=(string)I420, width=(int)720, height=(int)576, pixel-aspect-ratio=(fraction)64/45, interlace-mode=(string)interleaved, colorimetry=(string)bt601, framerate=(fraction)25/1
/GstPlayBin:playbin0/GstPlaySink:playsink/GstBin:vdbin.GstGhostPad:sink.GstProxyPad:proxypad18: caps = video/x-raw, format=(string)I420, width=(int)720, height=(int)576, pixel-aspect-ratio=(fraction)64/45, interlace-mode=(string)interleaved, colorimetry=(string)bt601, framerate=(fraction)25/1
/GstPlayBin:playbin0/GstURIDecodeBin:uridecodebin0/DvbBaseBin:source/GstDvbSrc:dvbsrc0.GstPad:src: caps = video/mpegts, mpegversion=(int)2, systemstream=(boolean)true
/GstPlayBin:playbin0/GstURIDecodeBin:uridecodebin0/DvbBaseBin:source/GstQueue:queue0.GstPad:sink: caps = video/mpegts, mpegversion=(int)2, systemstream=(boolean)true
/GstPlayBin:playbin0/GstURIDecodeBin:uridecodebin0/DvbBaseBin:source/GstQueue:queue0.GstPad:sink: caps = video/mpegts, mpegversion=(int)2, systemstream=(boolean)true
/GstPlayBin:playbin0/GstPlaySink:playsink/GstBin:vdbin/GstVideoConvert:vdconv.GstPad:src: caps = video/x-raw, format=(string)I420, width=(int)720, height=(int)576, pixel-aspect-ratio=(fraction)64/45, interlace-mode=(string)interleaved, colorimetry=(string)bt601, framerate=(fraction)25/1
/GstPlayBin:playbin0/GstPlaySink:playsink/GstBin:tbin/GstQueue:subqueue.GstPad:src: caps = subpicture/x-dvb
/GstPlayBin:playbin0/GstPlaySink:playsink/GstBin:tbin/GstSubtitleOverlay:suboverlay.GstGhostPad:subtitle_sink.GstProxyPad:proxypad25: caps = subpicture/x-dvb
/GstPlayBin:playbin0/GstPlaySink:playsink/GstBin:tbin/GstSubtitleOverlay:suboverlay/GstDVBSubOverlay:renderer.GstPad:text_sink: caps = subpicture/x-dvb
/GstPlayBin:playbin0/GstPlaySink:playsink/GstBin:tbin/GstSubtitleOverlay:suboverlay.GstGhostPad:subtitle_sink: caps = subpicture/x-dvb
/GstPlayBin:playbin0/GstURIDecodeBin:uridecodebin0/DvbBaseBin:source/GstDvbSrc:dvbsrc0.GstPad:src: caps = video/mpegts, mpegversion=(int)2, systemstream=(boolean)true
/GstPlayBin:playbin0/GstURIDecodeBin:uridecodebin0/DvbBaseBin:source/GstQueue:queue0.GstPad:sink: caps = video/mpegts, mpegversion=(int)2, systemstream=(boolean)true
/GstPlayBin:playbin0/GstURIDecodeBin:uridecodebin0/DvbBaseBin:source/GstQueue:queue0.GstPad:sink: caps = video/mpegts, mpegversion=(int)2, systemstream=(boolean)true
/GstPlayBin:playbin0/GstPlaySink:playsink/GstBin:abin/GstPlaySinkAudioConvert:aconv/GstAudioConvert:conv.GstPad:src: caps = audio/x-raw, format=(string)S32LE, layout=(string)interleaved, rate=(int)48000, channels=(int)2, channel-mask=(bitmask)0x0000000000000003
/GstPlayBin:playbin0/GstPlaySink:playsink/GstBin:abin/GstPlaySinkAudioConvert:aconv/GstAudioResample:resample.GstPad:src: caps = audio/x-raw, format=(string)S32LE, layout=(string)interleaved, rate=(int)48000, channels=(int)2, channel-mask=(bitmask)0x0000000000000003
/GstPlayBin:playbin0/GstPlaySink:playsink/GstBin:abin/GstPlaySinkAudioConvert:aconv/GstVolume:volume.GstPad:src: caps = audio/x-raw, format=(string)S32LE, layout=(string)interleaved, rate=(int)48000, channels=(int)2, channel-mask=(bitmask)0x0000000000000003
/GstPlayBin:playbin0/GstPlaySink:playsink/GstBin:abin/GstPlaySinkAudioConvert:aconv.GstGhostPad:src: caps = audio/x-raw, format=(string)S32LE, layout=(string)interleaved, rate=(int)48000, channels=(int)2, channel-mask=(bitmask)0x0000000000000003
/GstPlayBin:playbin0/GstPlaySink:playsink/GstBin:abin/GstAlsaSink:alsasink1.GstPad:sink: caps = audio/x-raw, format=(string)S32LE, layout=(string)interleaved, rate=(int)48000, channels=(int)2, channel-mask=(bitmask)0x0000000000000003
/GstPlayBin:playbin0/GstPlaySink:playsink/GstBin:abin/GstPlaySinkAudioConvert:aconv.GstGhostPad:src.GstProxyPad:proxypad21: caps = audio/x-raw, format=(string)S32LE, layout=(string)interleaved, rate=(int)48000, channels=(int)2, channel-mask=(bitmask)0x0000000000000003
/GstPlayBin:playbin0/GstPlaySink:playsink/GstBin:abin/GstPlaySinkAudioConvert:aconv/GstVolume:volume.GstPad:sink: caps = audio/x-raw, format=(string)S32LE, layout=(string)interleaved, rate=(int)48000, channels=(int)2, channel-mask=(bitmask)0x0000000000000003
/GstPlayBin:playbin0/GstPlaySink:playsink/GstBin:abin/GstPlaySinkAudioConvert:aconv/GstAudioResample:resample.GstPad:sink: caps = audio/x-raw, format=(string)S32LE, layout=(string)interleaved, rate=(int)48000, channels=(int)2, channel-mask=(bitmask)0x0000000000000003
/GstPlayBin:playbin0/GstPlaySink:playsink/GstBin:abin/GstPlaySinkAudioConvert:aconv/GstAudioConvert:conv.GstPad:sink: caps = audio/x-raw, format=(string)S32LE, layout=(string)interleaved, rate=(int)48000, channels=(int)2, channel-mask=(bitmask)0x0000000000000003
/GstPlayBin:playbin0/GstPlaySink:playsink/GstBin:abin/GstPlaySinkAudioConvert:aconv.GstGhostPad:sink: caps = audio/x-raw, format=(string)S32LE, layout=(string)interleaved, rate=(int)48000, channels=(int)2, channel-mask=(bitmask)0x0000000000000003
/GstPlayBin:playbin0/GstPlaySink:playsink/GstBin:vdbin/GstDeinterlace:deinterlace.GstPad:src: caps = video/x-raw, format=(string)I420, width=(int)720, height=(int)576, pixel-aspect-ratio=(fraction)64/45, interlace-mode=(string)progressive, colorimetry=(string)bt601, framerate=(fraction)50/1
/GstPlayBin:playbin0/GstPlaySink:playsink/GstBin:vdbin.GstGhostPad:src: caps = video/x-raw, format=(string)I420, width=(int)720, height=(int)576, pixel-aspect-ratio=(fraction)64/45, interlace-mode=(string)progressive, colorimetry=(string)bt601, framerate=(fraction)50/1
/GstPlayBin:playbin0/GstPlaySink:playsink/GstBin:tbin.GstGhostPad:sink.GstProxyPad:proxypad26: caps = video/x-raw, format=(string)I420, width=(int)720, height=(int)576, pixel-aspect-ratio=(fraction)64/45, interlace-mode=(string)progressive, colorimetry=(string)bt601, framerate=(fraction)50/1
/GstPlayBin:playbin0/GstPlaySink:playsink/GstBin:tbin/GstQueue:vqueue.GstPad:src: caps = video/x-raw, format=(string)I420, width=(int)720, height=(int)576, pixel-aspect-ratio=(fraction)64/45, interlace-mode=(string)progressive, colorimetry=(string)bt601, framerate=(fraction)50/1
/GstPlayBin:playbin0/GstPlaySink:playsink/GstBin:tbin/GstQueue:vqueue.GstPad:sink: caps = video/x-raw, format=(string)I420, width=(int)720, height=(int)576, pixel-aspect-ratio=(fraction)64/45, interlace-mode=(string)progressive, colorimetry=(string)bt601, framerate=(fraction)50/1
/GstPlayBin:playbin0/GstPlaySink:playsink/GstBin:tbin.GstGhostPad:sink: caps = video/x-raw, format=(string)I420, width=(int)720, height=(int)576, pixel-aspect-ratio=(fraction)64/45, interlace-mode=(string)progressive, colorimetry=(string)bt601, framerate=(fraction)50/1
/GstPlayBin:playbin0/GstPlaySink:playsink/GstBin:vdbin.GstGhostPad:src.GstProxyPad:proxypad19: caps = video/x-raw, format=(string)I420, width=(int)720, height=(int)576, pixel-aspect-ratio=(fraction)64/45, interlace-mode=(string)progressive, colorimetry=(string)bt601, framerate=(fraction)50/1
/GstPlayBin:playbin0/GstPlaySink:playsink/GstBin:tbin/GstSubtitleOverlay:suboverlay.GstGhostPad:video_sink.GstProxyPad:proxypad24: caps = video/x-raw, format=(string)I420, width=(int)720, height=(int)576, pixel-aspect-ratio=(fraction)64/45, interlace-mode=(string)progressive, colorimetry=(string)bt601, framerate=(fraction)50/1
/GstPlayBin:playbin0/GstPlaySink:playsink/GstBin:tbin/GstSubtitleOverlay:suboverlay/GstVideoConvert:pre-colorspace.GstPad:src: caps = video/x-raw, format=(string)I420, width=(int)720, height=(int)576, pixel-aspect-ratio=(fraction)64/45, interlace-mode=(string)progressive, colorimetry=(string)bt601, framerate=(fraction)50/1
/GstPlayBin:playbin0/GstPlaySink:playsink/GstBin:tbin/GstSubtitleOverlay:suboverlay/GstDVBSubOverlay:renderer.GstPad:src: caps = video/x-raw, format=(string)I420, width=(int)720, height=(int)576, pixel-aspect-ratio=(fraction)64/45, interlace-mode=(string)progressive, colorimetry=(string)bt601, framerate=(fraction)50/1
/GstPlayBin:playbin0/GstPlaySink:playsink/GstBin:tbin/GstSubtitleOverlay:suboverlay/GstVideoConvert:post-colorspace.GstPad:src: caps = video/x-raw, format=(string)I420, width=(int)720, height=(int)576, pixel-aspect-ratio=(fraction)64/45, interlace-mode=(string)progressive, colorimetry=(string)bt601, framerate=(fraction)50/1
/GstPlayBin:playbin0/GstPlaySink:playsink/GstBin:tbin/GstSubtitleOverlay:suboverlay.GstGhostPad:src: caps = video/x-raw, format=(string)I420, width=(int)720, height=(int)576, pixel-aspect-ratio=(fraction)64/45, interlace-mode=(string)progressive, colorimetry=(string)bt601, framerate=(fraction)50/1
/GstPlayBin:playbin0/GstPlaySink:playsink/GstBin:tbin.GstGhostPad:src: caps = video/x-raw, format=(string)I420, width=(int)720, height=(int)576, pixel-aspect-ratio=(fraction)64/45, interlace-mode=(string)progressive, colorimetry=(string)bt601, framerate=(fraction)50/1
/GstPlayBin:playbin0/GstPlaySink:playsink/GstBin:vbin.GstGhostPad:sink.GstProxyPad:proxypad17: caps = video/x-raw, format=(string)I420, width=(int)720, height=(int)576, pixel-aspect-ratio=(fraction)64/45, interlace-mode=(string)progressive, colorimetry=(string)bt601, framerate=(fraction)50/1
/GstPlayBin:playbin0/GstPlaySink:playsink/GstBin:vbin/GstQueue:vqueue.GstPad:sink: caps = video/x-raw, format=(string)I420, width=(int)720, height=(int)576, pixel-aspect-ratio=(fraction)64/45, interlace-mode=(string)progressive, colorimetry=(string)bt601, framerate=(fraction)50/1
/GstPlayBin:playbin0/GstPlaySink:playsink/GstBin:vbin/GstQueue:vqueue.GstPad:sink: caps = video/x-raw, format=(string)I420, width=(int)720, height=(int)576, pixel-aspect-ratio=(fraction)64/45, interlace-mode=(string)progressive, colorimetry=(string)bt601, framerate=(fraction)50/1
/GstPlayBin:playbin0/GstPlaySink:playsink/GstBin:vbin.GstGhostPad:sink: caps = video/x-raw, format=(string)I420, width=(int)720, height=(int)576, pixel-aspect-ratio=(fraction)64/45, interlace-mode=(string)progressive, colorimetry=(string)bt601, framerate=(fraction)50/1
/GstPlayBin:playbin0/GstPlaySink:playsink/GstBin:tbin.GstGhostPad:src.GstProxyPad:proxypad28: caps = video/x-raw, format=(string)I420, width=(int)720, height=(int)576, pixel-aspect-ratio=(fraction)64/45, interlace-mode=(string)progressive, colorimetry=(string)bt601, framerate=(fraction)50/1
/GstPlayBin:playbin0/GstPlaySink:playsink/GstBin:tbin/GstSubtitleOverlay:suboverlay.GstGhostPad:src.GstProxyPad:proxypad23: caps = video/x-raw, format=(string)I420, width=(int)720, height=(int)576, pixel-aspect-ratio=(fraction)64/45, interlace-mode=(string)progressive, colorimetry=(string)bt601, framerate=(fraction)50/1
/GstPlayBin:playbin0/GstPlaySink:playsink/GstBin:tbin/GstSubtitleOverlay:suboverlay/GstVideoConvert:post-colorspace.GstPad:sink: caps = video/x-raw, format=(string)I420, width=(int)720, height=(int)576, pixel-aspect-ratio=(fraction)64/45, interlace-mode=(string)progressive, colorimetry=(string)bt601, framerate=(fraction)50/1
/GstPlayBin:playbin0/GstPlaySink:playsink/GstBin:tbin/GstSubtitleOverlay:suboverlay/GstVideoConvert:post-colorspace.GstPad:sink: caps = video/x-raw, format=(string)I420, width=(int)720, height=(int)576, pixel-aspect-ratio=(fraction)64/45, interlace-mode=(string)progressive, colorimetry=(string)bt601, framerate=(fraction)50/1
/GstPlayBin:playbin0/GstURIDecodeBin:uridecodebin0/DvbBaseBin:source/GstDvbSrc:dvbsrc0.GstPad:src: caps = video/mpegts, mpegversion=(int)2, systemstream=(boolean)true
/GstPlayBin:playbin0/GstURIDecodeBin:uridecodebin0/DvbBaseBin:source/GstQueue:queue0.GstPad:src: caps = video/mpegts, mpegversion=(int)2, systemstream=(boolean)true
/GstPlayBin:playbin0/GstURIDecodeBin:uridecodebin0/DvbBaseBin:source/MpegTSParse2:mpegtsparse2-0.GstPad:sink: caps = video/mpegts, mpegversion=(int)2, systemstream=(boolean)true
/GstPlayBin:playbin0/GstURIDecodeBin:uridecodebin0/DvbBaseBin:source/GstQueue:queue0.GstPad:sink: caps = video/mpegts, mpegversion=(int)2, systemstream=(boolean)true
/GstPlayBin:playbin0/GstPlaySink:playsink/GstBin:vbin/GstPlaySinkVideoConvert:vconv/GstVideoConvert:conv.GstPad:src: caps = video/x-raw, format=(string)I420, width=(int)720, height=(int)576, pixel-aspect-ratio=(fraction)64/45, interlace-mode=(string)progressive, colorimetry=(string)bt601, framerate=(fraction)50/1
/GstPlayBin:playbin0/GstPlaySink:playsink/GstBin:vbin/GstPlaySinkVideoConvert:vconv/GstVideoScale:scale.GstPad:src: caps = video/x-raw, format=(string)I420, width=(int)720, height=(int)576, pixel-aspect-ratio=(fraction)64/45, interlace-mode=(string)progressive, colorimetry=(string)bt601, framerate=(fraction)50/1
/GstPlayBin:playbin0/GstPlaySink:playsink/GstBin:vbin/GstPlaySinkVideoConvert:vconv/GstVideoBalance:videobalance.GstPad:src: caps = video/x-raw, format=(string)I420, width=(int)720, height=(int)576, pixel-aspect-ratio=(fraction)64/45, interlace-mode=(string)progressive, colorimetry=(string)bt601, framerate=(fraction)50/1
/GstPlayBin:playbin0/GstPlaySink:playsink/GstBin:vbin/GstPlaySinkVideoConvert:vconv/GstVideoConvert:conv2.GstPad:src: caps = video/x-raw, format=(string)I420, width=(int)720, height=(int)576, pixel-aspect-ratio=(fraction)64/45, interlace-mode=(string)progressive, colorimetry=(string)bt601, framerate=(fraction)50/1
/GstPlayBin:playbin0/GstPlaySink:playsink/GstBin:vbin/GstPlaySinkVideoConvert:vconv.GstGhostPad:src: caps = video/x-raw, format=(string)I420, width=(int)720, height=(int)576, pixel-aspect-ratio=(fraction)64/45, interlace-mode=(string)progressive, colorimetry=(string)bt601, framerate=(fraction)50/1
/GstPlayBin:playbin0/GstPlaySink:playsink/GstBin:vbin/GstImxIpuSink:imxipusink0.GstPad:sink: caps = video/x-raw, format=(string)I420, width=(int)720, height=(int)576, pixel-aspect-ratio=(fraction)64/45, interlace-mode=(string)progressive, colorimetry=(string)bt601, framerate=(fraction)50/1
/GstPlayBin:playbin0/GstPlaySink:playsink/GstBin:vbin/GstPlaySinkVideoConvert:vconv.GstGhostPad:src.GstProxyPad:proxypad16: caps = video/x-raw, format=(string)I420, width=(int)720, height=(int)576, pixel-aspect-ratio=(fraction)64/45, interlace-mode=(string)progressive, colorimetry=(string)bt601, framerate=(fraction)50/1
/GstPlayBin:playbin0/GstPlaySink:playsink/GstBin:vbin/GstPlaySinkVideoConvert:vconv/GstVideoConvert:conv2.GstPad:sink: caps = video/x-raw, format=(string)I420, width=(int)720, height=(int)576, pixel-aspect-ratio=(fraction)64/45, interlace-mode=(string)progressive, colorimetry=(string)bt601, framerate=(fraction)50/1
/GstPlayBin:playbin0/GstPlaySink:playsink/GstBin:vbin/GstPlaySinkVideoConvert:vconv/GstVideoBalance:videobalance.GstPad:sink: caps = video/x-raw, format=(string)I420, width=(int)720, height=(int)576, pixel-aspect-ratio=(fraction)64/45, interlace-mode=(string)progressive, colorimetry=(string)bt601, framerate=(fraction)50/1
/GstPlayBin:playbin0/GstPlaySink:playsink/GstBin:vbin/GstPlaySinkVideoConvert:vconv/GstVideoScale:scale.GstPad:sink: caps = video/x-raw, format=(string)I420, width=(int)720, height=(int)576, pixel-aspect-ratio=(fraction)64/45, interlace-mode=(string)progressive, colorimetry=(string)bt601, framerate=(fraction)50/1
/GstPlayBin:playbin0/GstPlaySink:playsink/GstBin:vbin/GstPlaySinkVideoConvert:vconv/GstVideoConvert:conv.GstPad:sink: caps = video/x-raw, format=(string)I420, width=(int)720, height=(int)576, pixel-aspect-ratio=(fraction)64/45, interlace-mode=(string)progressive, colorimetry=(string)bt601, framerate=(fraction)50/1
/GstPlayBin:playbin0/GstPlaySink:playsink/GstBin:vbin/GstPlaySinkVideoConvert:vconv.GstGhostPad:sink: caps = video/x-raw, format=(string)I420, width=(int)720, height=(int)576, pixel-aspect-ratio=(fraction)64/45, interlace-mode=(string)progressive, colorimetry=(string)bt601, framerate=(fraction)50/1
/GstPlayBin:playbin0/GstPlaySink:playsink/GstBin:tbin/GstSubtitleOverlay:suboverlay/GstDVBSubOverlay:renderer.GstPad:video_sink: caps = video/x-raw, format=(string)I420, width=(int)720, height=(int)576, pixel-aspect-ratio=(fraction)64/45, interlace-mode=(string)progressive, colorimetry=(string)bt601, framerate=(fraction)50/1
/GstPlayBin:playbin0/GstPlaySink:playsink/GstBin:tbin/GstSubtitleOverlay:suboverlay/GstVideoConvert:pre-colorspace.GstPad:sink: caps = video/x-raw, format=(string)I420, width=(int)720, height=(int)576, pixel-aspect-ratio=(fraction)64/45, interlace-mode=(string)progressive, colorimetry=(string)bt601, framerate=(fraction)50/1
/GstPlayBin:playbin0/GstPlaySink:playsink/GstBin:tbin/GstSubtitleOverlay:suboverlay.GstGhostPad:video_sink: caps = video/x-raw, format=(string)I420, width=(int)720, height=(int)576, pixel-aspect-ratio=(fraction)64/45, interlace-mode=(string)progressive, colorimetry=(string)bt601, framerate=(fraction)50/1
/GstPlayBin:playbin0/GstPlaySink:playsink/GstBin:vdbin/GstDeinterlace:deinterlace.GstPad:sink: caps = video/x-raw, format=(string)I420, width=(int)720, height=(int)576, pixel-aspect-ratio=(fraction)64/45, interlace-mode=(string)interleaved, colorimetry=(string)bt601, framerate=(fraction)25/1
/GstPlayBin:playbin0/GstPlaySink:playsink/GstBin:vdbin/GstVideoConvert:vdconv.GstPad:sink: caps = video/x-raw, format=(string)I420, width=(int)720, height=(int)576, pixel-aspect-ratio=(fraction)64/45, interlace-mode=(string)interleaved, colorimetry=(string)bt601, framerate=(fraction)25/1
/GstPlayBin:playbin0/GstPlaySink:playsink/GstBin:vdbin.GstGhostPad:sink: caps = video/x-raw, format=(string)I420, width=(int)720, height=(int)576, pixel-aspect-ratio=(fraction)64/45, interlace-mode=(string)interleaved, colorimetry=(string)bt601, framerate=(fraction)25/1
/GstPlayBin:playbin0/GstPlaySink:playsink/GstStreamSynchronizer:streamsynchronizer0.GstPad:sink_0: caps = video/x-raw, format=(string)I420, width=(int)720, height=(int)576, pixel-aspect-ratio=(fraction)64/45, interlace-mode=(string)interleaved, colorimetry=(string)bt601, framerate=(fraction)25/1
/GstPlayBin:playbin0/GstPlaySink:playsink.GstGhostPad:video_sink: caps = video/x-raw, format=(string)I420, width=(int)720, height=(int)576, pixel-aspect-ratio=(fraction)64/45, interlace-mode=(string)interleaved, colorimetry=(string)bt601, framerate=(fraction)25/1
/GstPlayBin:playbin0/GstInputSelector:inputselector0.GstSelectorPad:sink_0: caps = video/x-raw, format=(string)I420, width=(int)720, height=(int)576, pixel-aspect-ratio=(fraction)64/45, interlace-mode=(string)interleaved, colorimetry=(string)bt601, framerate=(fraction)25/1
/GstPlayBin:playbin0/GstURIDecodeBin:uridecodebin0.GstGhostPad:src_0.GstProxyPad:proxypad8: caps = video/x-raw, format=(string)I420, width=(int)720, height=(int)576, pixel-aspect-ratio=(fraction)64/45, interlace-mode=(string)interleaved, colorimetry=(string)bt601, framerate=(fraction)25/1
/GstPlayBin:playbin0/GstInputSelector:inputselector0.GstSelectorPad:sink_0: tags = "taglist\,\ video-codec\=\(string\)\"MPEG\\\ 2\\\ Video\"\;"
/GstPlayBin:playbin0/GstInputSelector:inputselector0.GstSelectorPad:sink_0: tags = "taglist\,\ video-codec\=\(string\)\"MPEG\\\ 2\\\ Video\"\,\ minimum-bitrate\=\(uint\)4577600\,\ bitrate\=\(uint\)2953120\,\ maximum-bitrate\=\(uint\)4577600\;"
/GstPlayBin:playbin0/GstInputSelector:inputselector0.GstSelectorPad:sink_0: tags = "taglist\,\ video-codec\=\(string\)\"MPEG\\\ 2\\\ Video\"\,\ minimum-bitrate\=\(uint\)1694400\,\ bitrate\=\(uint\)2838690\,\ maximum-bitrate\=\(uint\)4577600\;"
/GstPlayBin:playbin0/GstInputSelector:inputselector0.GstSelectorPad:sink_0: tags = "taglist\,\ video-codec\=\(string\)\"MPEG\\\ 2\\\ Video\"\,\ minimum-bitrate\=\(uint\)1504000\,\ bitrate\=\(uint\)2727466\,\ maximum-bitrate\=\(uint\)4577600\;"
/GstPlayBin:playbin0/GstInputSelector:inputselector0.GstSelectorPad:sink_0: tags = "taglist\,\ video-codec\=\(string\)\"MPEG\\\ 2\\\ Video\"\,\ minimum-bitrate\=\(uint\)1504000\,\ bitrate\=\(uint\)3190892\,\ maximum-bitrate\=\(uint\)8752000\;"
/GstPlayBin:playbin0/GstInputSelector:inputselector0.GstSelectorPad:sink_0: tags = "taglist\,\ video-codec\=\(string\)\"MPEG\\\ 2\\\ Video\"\,\ minimum-bitrate\=\(uint\)1283200\,\ bitrate\=\(uint\)3054628\,\ maximum-bitrate\=\(uint\)8752000\;"
/GstPlayBin:playbin0/GstInputSelector:inputselector0.GstSelectorPad:sink_0: tags = "taglist\,\ video-codec\=\(string\)\"MPEG\\\ 2\\\ Video\"\,\ minimum-bitrate\=\(uint\)1118400\,\ bitrate\=\(uint\)2925546\,\ maximum-bitrate\=\(uint\)8752000\;"
/GstPlayBin:playbin0/GstInputSelector:inputselector0.GstSelectorPad:sink_0: tags = "taglist\,\ video-codec\=\(string\)\"MPEG\\\ 2\\\ Video\"\,\ minimum-bitrate\=\(uint\)1118400\,\ bitrate\=\(uint\)2991000\,\ maximum-bitrate\=\(uint\)8752000\;"
/GstPlayBin:playbin0/GstInputSelector:inputselector0.GstSelectorPad:sink_0: tags = "taglist\,\ video-codec\=\(string\)\"MPEG\\\ 2\\\ Video\"\,\ minimum-bitrate\=\(uint\)1088000\,\ bitrate\=\(uint\)2879058\,\ maximum-bitrate\=\(uint\)8752000\;"
/GstPlayBin:playbin0/GstInputSelector:inputselector0.GstSelectorPad:sink_0: tags = "taglist\,\ video-codec\=\(string\)\"MPEG\\\ 2\\\ Video\"\,\ minimum-bitrate\=\(uint\)891200\,\ bitrate\=\(uint\)2768622\,\ maximum-bitrate\=\(uint\)8752000\;"
/GstPlayBin:playbin0/GstInputSelector:inputselector0.GstSelectorPad:sink_0: tags = "taglist\,\ video-codec\=\(string\)\"MPEG\\\ 2\\\ Video\"\,\ minimum-bitrate\=\(uint\)891200\,\ bitrate\=\(uint\)2855326\,\ maximum-bitrate\=\(uint\)8752000\;"
/GstPlayBin:playbin0/GstInputSelector:inputselector0.GstSelectorPad:sink_0: tags = "taglist\,\ video-codec\=\(string\)\"MPEG\\\ 2\\\ Video\"\,\ minimum-bitrate\=\(uint\)891200\,\ bitrate\=\(uint\)2776000\,\ maximum-bitrate\=\(uint\)8752000\;"
/GstPlayBin:playbin0/GstInputSelector:inputselector0.GstSelectorPad:sink_0: tags = "taglist\,\ video-codec\=\(string\)\"MPEG\\\ 2\\\ Video\"\,\ minimum-bitrate\=\(uint\)891200\,\ bitrate\=\(uint\)2695619\,\ maximum-bitrate\=\(uint\)8752000\;"
/GstPlayBin:playbin0/GstInputSelector:inputselector0.GstSelectorPad:sink_0: tags = "taglist\,\ video-codec\=\(string\)\"MPEG\\\ 2\\\ Video\"\,\ minimum-bitrate\=\(uint\)891200\,\ bitrate\=\(uint\)2795927\,\ maximum-bitrate\=\(uint\)8752000\;"
/GstPlayBin:playbin0/GstInputSelector:inputselector0.GstSelectorPad:sink_0: tags = "taglist\,\ video-codec\=\(string\)\"MPEG\\\ 2\\\ Video\"\,\ minimum-bitrate\=\(uint\)891200\,\ bitrate\=\(uint\)2729947\,\ maximum-bitrate\=\(uint\)8752000\;"
/GstPlayBin:playbin0/GstInputSelector:inputselector0.GstSelectorPad:sink_0: tags = "taglist\,\ video-codec\=\(string\)\"MPEG\\\ 2\\\ Video\"\,\ minimum-bitrate\=\(uint\)891200\,\ bitrate\=\(uint\)2665533\,\ maximum-bitrate\=\(uint\)8752000\;"
/GstPlayBin:playbin0/GstInputSelector:inputselector0.GstSelectorPad:sink_0: tags = "taglist\,\ video-codec\=\(string\)\"MPEG\\\ 2\\\ Video\"\,\ minimum-bitrate\=\(uint\)891200\,\ bitrate\=\(uint\)2878016\,\ maximum-bitrate\=\(uint\)8752000\;"
/GstPlayBin:playbin0/GstInputSelector:inputselector0.GstSelectorPad:sink_0: tags = "taglist\,\ video-codec\=\(string\)\"MPEG\\\ 2\\\ Video\"\,\ minimum-bitrate\=\(uint\)891200\,\ bitrate\=\(uint\)2823630\,\ maximum-bitrate\=\(uint\)8752000\;"
/GstPlayBin:playbin0/GstInputSelector:inputselector0.GstSelectorPad:sink_0: tags = "taglist\,\ video-codec\=\(string\)\"MPEG\\\ 2\\\ Video\"\,\ minimum-bitrate\=\(uint\)891200\,\ bitrate\=\(uint\)2772266\,\ maximum-bitrate\=\(uint\)8752000\;"
/GstPlayBin:playbin0/GstInputSelector:inputselector0.GstSelectorPad:sink_0: tags = "taglist\,\ video-codec\=\(string\)\"MPEG\\\ 2\\\ Video\"\,\ minimum-bitrate\=\(uint\)891200\,\ bitrate\=\(uint\)2798971\,\ maximum-bitrate\=\(uint\)8752000\;"
/GstPlayBin:playbin0/GstInputSelector:inputselector0.GstSelectorPad:sink_0: tags = "taglist\,\ video-codec\=\(string\)\"MPEG\\\ 2\\\ Video\"\,\ minimum-bitrate\=\(uint\)891200\,\ bitrate\=\(uint\)2743503\,\ maximum-bitrate\=\(uint\)8752000\;"
/GstPlayBin:playbin0/GstInputSelector:inputselector0.GstSelectorPad:sink_0: tags = "taglist\,\ video-codec\=\(string\)\"MPEG\\\ 2\\\ Video\"\,\ minimum-bitrate\=\(uint\)891200\,\ bitrate\=\(uint\)2695733\,\ maximum-bitrate\=\(uint\)8752000\;"
/GstPlayBin:playbin0/GstInputSelector:inputselector0.GstSelectorPad:sink_0: tags = "taglist\,\ video-codec\=\(string\)\"MPEG\\\ 2\\\ Video\"\,\ minimum-bitrate\=\(uint\)891200\,\ bitrate\=\(uint\)2719948\,\ maximum-bitrate\=\(uint\)8752000\;"
/GstPlayBin:playbin0/GstInputSelector:inputselector0.GstSelectorPad:sink_0: tags = "taglist\,\ video-codec\=\(string\)\"MPEG\\\ 2\\\ Video\"\,\ minimum-bitrate\=\(uint\)891200\,\ bitrate\=\(uint\)2674950\,\ maximum-bitrate\=\(uint\)8752000\;"
/GstPlayBin:playbin0/GstInputSelector:inputselector0.GstSelectorPad:sink_0: tags = "taglist\,\ video-codec\=\(string\)\"MPEG\\\ 2\\\ Video\"\,\ minimum-bitrate\=\(uint\)891200\,\ bitrate\=\(uint\)2637430\,\ maximum-bitrate\=\(uint\)8752000\;"
/GstPlayBin:playbin0/GstInputSelector:inputselector0.GstSelectorPad:sink_0: tags = "taglist\,\ video-codec\=\(string\)\"MPEG\\\ 2\\\ Video\"\,\ minimum-bitrate\=\(uint\)891200\,\ bitrate\=\(uint\)2705223\,\ maximum-bitrate\=\(uint\)8752000\;"
/GstPlayBin:playbin0/GstInputSelector:inputselector0.GstSelectorPad:sink_0: tags = "taglist\,\ video-codec\=\(string\)\"MPEG\\\ 2\\\ Video\"\,\ minimum-bitrate\=\(uint\)891200\,\ bitrate\=\(uint\)2686308\,\ maximum-bitrate\=\(uint\)8752000\;"
/GstPlayBin:playbin0/GstInputSelector:inputselector0.GstSelectorPad:sink_0: tags = "taglist\,\ video-codec\=\(string\)\"MPEG\\\ 2\\\ Video\"\,\ minimum-bitrate\=\(uint\)891200\,\ bitrate\=\(uint\)2662222\,\ maximum-bitrate\=\(uint\)8752000\;"
/GstPlayBin:playbin0/GstInputSelector:inputselector0.GstSelectorPad:sink_0: tags = "taglist\,\ video-codec\=\(string\)\"MPEG\\\ 2\\\ Video\"\,\ minimum-bitrate\=\(uint\)891200\,\ bitrate\=\(uint\)2786681\,\ maximum-bitrate\=\(uint\)8752000\;"
/GstPlayBin:playbin0/GstInputSelector:inputselector0.GstSelectorPad:sink_0: tags = "taglist\,\ video-codec\=\(string\)\"MPEG\\\ 2\\\ Video\"\,\ minimum-bitrate\=\(uint\)891200\,\ bitrate\=\(uint\)2768252\,\ maximum-bitrate\=\(uint\)8752000\;"
/GstPlayBin:playbin0/GstInputSelector:inputselector0.GstSelectorPad:sink_0: tags = "taglist\,\ video-codec\=\(string\)\"MPEG\\\ 2\\\ Video\"\,\ minimum-bitrate\=\(uint\)891200\,\ bitrate\=\(uint\)2745230\,\ maximum-bitrate\=\(uint\)8752000\;"
/GstPlayBin:playbin0/GstInputSelector:inputselector0.GstSelectorPad:sink_0: tags = "taglist\,\ video-codec\=\(string\)\"MPEG\\\ 2\\\ Video\"\,\ minimum-bitrate\=\(uint\)891200\,\ bitrate\=\(uint\)2790400\,\ maximum-bitrate\=\(uint\)8752000\;"
/GstPlayBin:playbin0/GstInputSelector:inputselector0.GstSelectorPad:sink_0: tags = "taglist\,\ video-codec\=\(string\)\"MPEG\\\ 2\\\ Video\"\,\ minimum-bitrate\=\(uint\)891200\,\ bitrate\=\(uint\)2763434\,\ maximum-bitrate\=\(uint\)8752000\;"
/GstPlayBin:playbin0/GstInputSelector:inputselector0.GstSelectorPad:sink_0: tags = "taglist\,\ video-codec\=\(string\)\"MPEG\\\ 2\\\ Video\"\,\ minimum-bitrate\=\(uint\)891200\,\ bitrate\=\(uint\)2745066\,\ maximum-bitrate\=\(uint\)8752000\;"
/GstPlayBin:playbin0/GstInputSelector:inputselector0.GstSelectorPad:sink_0: tags = "taglist\,\ video-codec\=\(string\)\"MPEG\\\ 2\\\ Video\"\,\ minimum-bitrate\=\(uint\)891200\,\ bitrate\=\(uint\)2797172\,\ maximum-bitrate\=\(uint\)8752000\;"
/GstPlayBin:playbin0/GstInputSelector:inputselector0.GstSelectorPad:sink_0: tags = "taglist\,\ video-codec\=\(string\)\"MPEG\\\ 2\\\ Video\"\,\ minimum-bitrate\=\(uint\)891200\,\ bitrate\=\(uint\)2783781\,\ maximum-bitrate\=\(uint\)8752000\;"
/GstPlayBin:playbin0/GstInputSelector:inputselector0.GstSelectorPad:sink_0: tags = "taglist\,\ video-codec\=\(string\)\"MPEG\\\ 2\\\ Video\"\,\ minimum-bitrate\=\(uint\)891200\,\ bitrate\=\(uint\)2772800\,\ maximum-bitrate\=\(uint\)8752000\;"
/GstPlayBin:playbin0/GstInputSelector:inputselector0.GstSelectorPad:sink_0: tags = "taglist\,\ video-codec\=\(string\)\"MPEG\\\ 2\\\ Video\"\,\ minimum-bitrate\=\(uint\)891200\,\ bitrate\=\(uint\)2802121\,\ maximum-bitrate\=\(uint\)8752000\;"
/GstPlayBin:playbin0/GstInputSelector:inputselector0.GstSelectorPad:sink_0: tags = "taglist\,\ video-codec\=\(string\)\"MPEG\\\ 2\\\ Video\"\,\ minimum-bitrate\=\(uint\)891200\,\ bitrate\=\(uint\)2784885\,\ maximum-bitrate\=\(uint\)8752000\;"
/GstPlayBin:playbin0/GstInputSelector:inputselector0.GstSelectorPad:sink_0: tags = "taglist\,\ video-codec\=\(string\)\"MPEG\\\ 2\\\ Video\"\,\ minimum-bitrate\=\(uint\)891200\,\ bitrate\=\(uint\)2765400\,\ maximum-bitrate\=\(uint\)8752000\;"
/GstPlayBin:playbin0/GstInputSelector:inputselector0.GstSelectorPad:sink_0: tags = "taglist\,\ video-codec\=\(string\)\"MPEG\\\ 2\\\ Video\"\,\ minimum-bitrate\=\(uint\)891200\,\ bitrate\=\(uint\)2875461\,\ maximum-bitrate\=\(uint\)8752000\;"
/GstPlayBin:playbin0/GstInputSelector:inputselector0.GstSelectorPad:sink_0: tags = "taglist\,\ video-codec\=\(string\)\"MPEG\\\ 2\\\ Video\"\,\ minimum-bitrate\=\(uint\)891200\,\ bitrate\=\(uint\)2847232\,\ maximum-bitrate\=\(uint\)8752000\;"
/GstPlayBin:playbin0/GstInputSelector:inputselector0.GstSelectorPad:sink_0: tags = "taglist\,\ video-codec\=\(string\)\"MPEG\\\ 2\\\ Video\"\,\ minimum-bitrate\=\(uint\)891200\,\ bitrate\=\(uint\)2819890\,\ maximum-bitrate\=\(uint\)8752000\;"
/GstPlayBin:playbin0/GstInputSelector:inputselector0.GstSelectorPad:sink_0: tags = "taglist\,\ video-codec\=\(string\)\"MPEG\\\ 2\\\ Video\"\,\ minimum-bitrate\=\(uint\)891200\,\ bitrate\=\(uint\)2846338\,\ maximum-bitrate\=\(uint\)8752000\;"
/GstPlayBin:playbin0/GstInputSelector:inputselector0.GstSelectorPad:sink_0: tags = "taglist\,\ video-codec\=\(string\)\"MPEG\\\ 2\\\ Video\"\,\ minimum-bitrate\=\(uint\)891200\,\ bitrate\=\(uint\)2820739\,\ maximum-bitrate\=\(uint\)8752000\;"
/GstPlayBin:playbin0/GstInputSelector:inputselector0.GstSelectorPad:sink_0: tags = "taglist\,\ video-codec\=\(string\)\"MPEG\\\ 2\\\ Video\"\,\ minimum-bitrate\=\(uint\)891200\,\ bitrate\=\(uint\)2794074\,\ maximum-bitrate\=\(uint\)8752000\;"
/GstPlayBin:playbin0/GstInputSelector:inputselector0.GstSelectorPad:sink_0: tags = "taglist\,\ video-codec\=\(string\)\"MPEG\\\ 2\\\ Video\"\,\ minimum-bitrate\=\(uint\)891200\,\ bitrate\=\(uint\)2824698\,\ maximum-bitrate\=\(uint\)8752000\;"
/GstPlayBin:playbin0/GstInputSelector:inputselector0.GstSelectorPad:sink_0: tags = "taglist\,\ video-codec\=\(string\)\"MPEG\\\ 2\\\ Video\"\,\ minimum-bitrate\=\(uint\)891200\,\ bitrate\=\(uint\)2798457\,\ maximum-bitrate\=\(uint\)8752000\;"
/GstPlayBin:playbin0/GstInputSelector:inputselector0.GstSelectorPad:sink_0: tags = "taglist\,\ video-codec\=\(string\)\"MPEG\\\ 2\\\ Video\"\,\ minimum-bitrate\=\(uint\)891200\,\ bitrate\=\(uint\)2771705\,\ maximum-bitrate\=\(uint\)8752000\;"
/GstPlayBin:playbin0/GstInputSelector:inputselector0.GstSelectorPad:sink_0: tags = "taglist\,\ video-codec\=\(string\)\"MPEG\\\ 2\\\ Video\"\,\ minimum-bitrate\=\(uint\)891200\,\ bitrate\=\(uint\)2788551\,\ maximum-bitrate\=\(uint\)8752000\;"
/GstPlayBin:playbin0/GstInputSelector:inputselector0.GstSelectorPad:sink_0: tags = "taglist\,\ video-codec\=\(string\)\"MPEG\\\ 2\\\ Video\"\,\ minimum-bitrate\=\(uint\)891200\,\ bitrate\=\(uint\)2760542\,\ maximum-bitrate\=\(uint\)8752000\;"
/GstPlayBin:playbin0/GstInputSelector:inputselector0.GstSelectorPad:sink_0: tags = "taglist\,\ video-codec\=\(string\)\"MPEG\\\ 2\\\ Video\"\,\ minimum-bitrate\=\(uint\)891200\,\ bitrate\=\(uint\)2732426\,\ maximum-bitrate\=\(uint\)8752000\;"
/GstPlayBin:playbin0/GstInputSelector:inputselector0.GstSelectorPad:sink_0: tags = "taglist\,\ video-codec\=\(string\)\"MPEG\\\ 2\\\ Video\"\,\ minimum-bitrate\=\(uint\)891200\,\ bitrate\=\(uint\)2815186\,\ maximum-bitrate\=\(uint\)8752000\;"
/GstPlayBin:playbin0/GstInputSelector:inputselector0.GstSelectorPad:sink_0: tags = "taglist\,\ video-codec\=\(string\)\"MPEG\\\ 2\\\ Video\"\,\ minimum-bitrate\=\(uint\)891200\,\ bitrate\=\(uint\)2787793\,\ maximum-bitrate\=\(uint\)8752000\;"
/GstPlayBin:playbin0/GstInputSelector:inputselector0.GstSelectorPad:sink_0: tags = "taglist\,\ video-codec\=\(string\)\"MPEG\\\ 2\\\ Video\"\,\ minimum-bitrate\=\(uint\)891200\,\ bitrate\=\(uint\)2759466\,\ maximum-bitrate\=\(uint\)8752000\;"
/GstPlayBin:playbin0/GstInputSelector:inputselector0.GstSelectorPad:sink_0: tags = "taglist\,\ video-codec\=\(string\)\"MPEG\\\ 2\\\ Video\"\,\ minimum-bitrate\=\(uint\)891200\,\ bitrate\=\(uint\)2733316\,\ maximum-bitrate\=\(uint\)8752000\;"
/GstPlayBin:playbin0/GstInputSelector:inputselector0.GstSelectorPad:sink_0: tags = "taglist\,\ video-codec\=\(string\)\"MPEG\\\ 2\\\ Video\"\,\ minimum-bitrate\=\(uint\)891200\,\ bitrate\=\(uint\)2706884\,\ maximum-bitrate\=\(uint\)8752000\;"
/GstPlayBin:playbin0/GstInputSelector:inputselector0.GstSelectorPad:sink_0: tags = "taglist\,\ video-codec\=\(string\)\"MPEG\\\ 2\\\ Video\"\,\ minimum-bitrate\=\(uint\)891200\,\ bitrate\=\(uint\)2679647\,\ maximum-bitrate\=\(uint\)8752000\;"
/GstPlayBin:playbin0/GstInputSelector:inputselector0.GstSelectorPad:sink_0: tags = "taglist\,\ video-codec\=\(string\)\"MPEG\\\ 2\\\ Video\"\,\ minimum-bitrate\=\(uint\)891200\,\ bitrate\=\(uint\)2654933\,\ maximum-bitrate\=\(uint\)8752000\;"
/GstPlayBin:playbin0/GstInputSelector:inputselector0.GstSelectorPad:sink_0: tags = "taglist\,\ video-codec\=\(string\)\"MPEG\\\ 2\\\ Video\"\,\ minimum-bitrate\=\(uint\)788800\,\ bitrate\=\(uint\)2622985\,\ maximum-bitrate\=\(uint\)8752000\;"
/GstPlayBin:playbin0/GstInputSelector:inputselector0.GstSelectorPad:sink_0: tags = "taglist\,\ video-codec\=\(string\)\"MPEG\\\ 2\\\ Video\"\,\ minimum-bitrate\=\(uint\)731200\,\ bitrate\=\(uint\)2596711\,\ maximum-bitrate\=\(uint\)8752000\;"
/GstPlayBin:playbin0/GstInputSelector:inputselector0.GstSelectorPad:sink_0: tags = "taglist\,\ video-codec\=\(string\)\"MPEG\\\ 2\\\ Video\"\,\ minimum-bitrate\=\(uint\)731200\,\ bitrate\=\(uint\)2679956\,\ maximum-bitrate\=\(uint\)8752000\;"
/GstPlayBin:playbin0/GstInputSelector:inputselector0.GstSelectorPad:sink_0: tags = "taglist\,\ video-codec\=\(string\)\"MPEG\\\ 2\\\ Video\"\,\ minimum-bitrate\=\(uint\)524800\,\ bitrate\=\(uint\)2650832\,\ maximum-bitrate\=\(uint\)8752000\;"
/GstPlayBin:playbin0/GstInputSelector:inputselector0.GstSelectorPad:sink_0: tags = "taglist\,\ video-codec\=\(string\)\"MPEG\\\ 2\\\ Video\"\,\ minimum-bitrate\=\(uint\)524800\,\ bitrate\=\(uint\)2622741\,\ maximum-bitrate\=\(uint\)8752000\;"
/GstPlayBin:playbin0/GstInputSelector:inputselector0.GstSelectorPad:sink_0: tags = "taglist\,\ video-codec\=\(string\)\"MPEG\\\ 2\\\ Video\"\,\ minimum-bitrate\=\(uint\)524800\,\ bitrate\=\(uint\)2590462\,\ maximum-bitrate\=\(uint\)8752000\;"
/GstPlayBin:playbin0/GstInputSelector:inputselector0.GstSelectorPad:sink_0: tags = "taglist\,\ video-codec\=\(string\)\"MPEG\\\ 2\\\ Video\"\,\ minimum-bitrate\=\(uint\)524800\,\ bitrate\=\(uint\)2565497\,\ maximum-bitrate\=\(uint\)8752000\;"
/GstPlayBin:playbin0/GstInputSelector:inputselector0.GstSelectorPad:sink_0: tags = "taglist\,\ video-codec\=\(string\)\"MPEG\\\ 2\\\ Video\"\,\ minimum-bitrate\=\(uint\)524800\,\ bitrate\=\(uint\)2579544\,\ maximum-bitrate\=\(uint\)8752000\;"
/GstPlayBin:playbin0/GstInputSelector:inputselector0.GstSelectorPad:sink_0: tags = "taglist\,\ video-codec\=\(string\)\"MPEG\\\ 2\\\ Video\"\,\ minimum-bitrate\=\(uint\)524800\,\ bitrate\=\(uint\)2557940\,\ maximum-bitrate\=\(uint\)8752000\;"
/GstPlayBin:playbin0/GstInputSelector:inputselector0.GstSelectorPad:sink_0: tags = "taglist\,\ video-codec\=\(string\)\"MPEG\\\ 2\\\ Video\"\,\ minimum-bitrate\=\(uint\)524800\,\ bitrate\=\(uint\)2540167\,\ maximum-bitrate\=\(uint\)8752000\;"
/GstPlayBin:playbin0/GstInputSelector:inputselector0.GstSelectorPad:sink_0: tags = "taglist\,\ video-codec\=\(string\)\"MPEG\\\ 2\\\ Video\"\,\ minimum-bitrate\=\(uint\)524800\,\ bitrate\=\(uint\)2561365\,\ maximum-bitrate\=\(uint\)8752000\;"
/GstPlayBin:playbin0/GstInputSelector:inputselector0.GstSelectorPad:sink_0: tags = "taglist\,\ video-codec\=\(string\)\"MPEG\\\ 2\\\ Video\"\,\ minimum-bitrate\=\(uint\)524800\,\ bitrate\=\(uint\)2546486\,\ maximum-bitrate\=\(uint\)8752000\;"
/GstPlayBin:playbin0/GstInputSelector:inputselector0.GstSelectorPad:sink_0: tags = "taglist\,\ video-codec\=\(string\)\"MPEG\\\ 2\\\ Video\"\,\ minimum-bitrate\=\(uint\)524800\,\ bitrate\=\(uint\)2531828\,\ maximum-bitrate\=\(uint\)8752000\;"
/GstPlayBin:playbin0/GstInputSelector:inputselector0.GstSelectorPad:sink_0: tags = "taglist\,\ video-codec\=\(string\)\"MPEG\\\ 2\\\ Video\"\,\ minimum-bitrate\=\(uint\)524800\,\ bitrate\=\(uint\)2600602\,\ maximum-bitrate\=\(uint\)8752000\;"
/GstPlayBin:playbin0/GstInputSelector:inputselector0.GstSelectorPad:sink_0: tags = "taglist\,\ video-codec\=\(string\)\"MPEG\\\ 2\\\ Video\"\,\ minimum-bitrate\=\(uint\)524800\,\ bitrate\=\(uint\)2587386\,\ maximum-bitrate\=\(uint\)8752000\;"
/GstPlayBin:playbin0/GstInputSelector:inputselector0.GstSelectorPad:sink_0: tags = "taglist\,\ video-codec\=\(string\)\"MPEG\\\ 2\\\ Video\"\,\ minimum-bitrate\=\(uint\)524800\,\ bitrate\=\(uint\)2575521\,\ maximum-bitrate\=\(uint\)8752000\;"
/GstPlayBin:playbin0/GstInputSelector:inputselector0.GstSelectorPad:sink_0: tags = "taglist\,\ video-codec\=\(string\)\"MPEG\\\ 2\\\ Video\"\,\ minimum-bitrate\=\(uint\)524800\,\ bitrate\=\(uint\)2598218\,\ maximum-bitrate\=\(uint\)8752000\;"
/GstPlayBin:playbin0/GstInputSelector:inputselector0.GstSelectorPad:sink_0: tags = "taglist\,\ video-codec\=\(string\)\"MPEG\\\ 2\\\ Video\"\,\ minimum-bitrate\=\(uint\)524800\,\ bitrate\=\(uint\)2584197\,\ maximum-bitrate\=\(uint\)8752000\;"
/GstPlayBin:playbin0/GstInputSelector:inputselector0.GstSelectorPad:sink_0: tags = "taglist\,\ video-codec\=\(string\)\"MPEG\\\ 2\\\ Video\"\,\ minimum-bitrate\=\(uint\)524800\,\ bitrate\=\(uint\)2567431\,\ maximum-bitrate\=\(uint\)8752000\;"
/GstPlayBin:playbin0/GstInputSelector:inputselector0.GstSelectorPad:sink_0: tags = "taglist\,\ video-codec\=\(string\)\"MPEG\\\ 2\\\ Video\"\,\ minimum-bitrate\=\(uint\)524800\,\ bitrate\=\(uint\)2582101\,\ maximum-bitrate\=\(uint\)8752000\;"
/GstPlayBin:playbin0/GstInputSelector:inputselector0.GstSelectorPad:sink_0: tags = "taglist\,\ video-codec\=\(string\)\"MPEG\\\ 2\\\ Video\"\,\ minimum-bitrate\=\(uint\)524800\,\ bitrate\=\(uint\)2565773\,\ maximum-bitrate\=\(uint\)8752000\;"
/GstPlayBin:playbin0/GstInputSelector:inputselector0.GstSelectorPad:sink_0: tags = "taglist\,\ video-codec\=\(string\)\"MPEG\\\ 2\\\ Video\"\,\ minimum-bitrate\=\(uint\)524800\,\ bitrate\=\(uint\)2549470\,\ maximum-bitrate\=\(uint\)8752000\;"
/GstPlayBin:playbin0/GstInputSelector:inputselector0.GstSelectorPad:sink_0: tags = "taglist\,\ video-codec\=\(string\)\"MPEG\\\ 2\\\ Video\"\,\ minimum-bitrate\=\(uint\)524800\,\ bitrate\=\(uint\)2532025\,\ maximum-bitrate\=\(uint\)8752000\;"
/GstPlayBin:playbin0/GstInputSelector:inputselector0.GstSelectorPad:sink_0: tags = "taglist\,\ video-codec\=\(string\)\"MPEG\\\ 2\\\ Video\"\,\ minimum-bitrate\=\(uint\)524800\,\ bitrate\=\(uint\)2513983\,\ maximum-bitrate\=\(uint\)8752000\;"
/GstPlayBin:playbin0/GstInputSelector:inputselector0.GstSelectorPad:sink_0: tags = "taglist\,\ video-codec\=\(string\)\"MPEG\\\ 2\\\ Video\"\,\ minimum-bitrate\=\(uint\)524800\,\ bitrate\=\(uint\)2573839\,\ maximum-bitrate\=\(uint\)8752000\;"
/GstPlayBin:playbin0/GstInputSelector:inputselector0.GstSelectorPad:sink_0: tags = "taglist\,\ video-codec\=\(string\)\"MPEG\\\ 2\\\ Video\"\,\ minimum-bitrate\=\(uint\)524800\,\ bitrate\=\(uint\)2555706\,\ maximum-bitrate\=\(uint\)8752000\;"
/GstPlayBin:playbin0/GstInputSelector:inputselector0.GstSelectorPad:sink_0: tags = "taglist\,\ video-codec\=\(string\)\"MPEG\\\ 2\\\ Video\"\,\ minimum-bitrate\=\(uint\)524800\,\ bitrate\=\(uint\)2539652\,\ maximum-bitrate\=\(uint\)8752000\;"
/GstPlayBin:playbin0/GstInputSelector:inputselector0.GstSelectorPad:sink_0: tags = "taglist\,\ video-codec\=\(string\)\"MPEG\\\ 2\\\ Video\"\,\ minimum-bitrate\=\(uint\)524800\,\ bitrate\=\(uint\)2564384\,\ maximum-bitrate\=\(uint\)8752000\;"
/GstPlayBin:playbin0/GstInputSelector:inputselector0.GstSelectorPad:sink_0: tags = "taglist\,\ video-codec\=\(string\)\"MPEG\\\ 2\\\ Video\"\,\ minimum-bitrate\=\(uint\)524800\,\ bitrate\=\(uint\)2546729\,\ maximum-bitrate\=\(uint\)8752000\;"
/GstPlayBin:playbin0/GstInputSelector:inputselector0.GstSelectorPad:sink_0: tags = "taglist\,\ video-codec\=\(string\)\"MPEG\\\ 2\\\ Video\"\,\ minimum-bitrate\=\(uint\)524800\,\ bitrate\=\(uint\)2561879\,\ maximum-bitrate\=\(uint\)8752000\;"
/GstPlayBin:playbin0/GstInputSelector:inputselector0.GstSelectorPad:sink_0: tags = "taglist\,\ video-codec\=\(string\)\"MPEG\\\ 2\\\ Video\"\,\ minimum-bitrate\=\(uint\)524800\,\ bitrate\=\(uint\)2550846\,\ maximum-bitrate\=\(uint\)8752000\;"
/GstPlayBin:playbin0/GstInputSelector:inputselector0.GstSelectorPad:sink_0: tags = "taglist\,\ video-codec\=\(string\)\"MPEG\\\ 2\\\ Video\"\,\ minimum-bitrate\=\(uint\)524800\,\ bitrate\=\(uint\)2538453\,\ maximum-bitrate\=\(uint\)8752000\;"
/GstPlayBin:playbin0/GstInputSelector:inputselector0.GstSelectorPad:sink_0: tags = "taglist\,\ video-codec\=\(string\)\"MPEG\\\ 2\\\ Video\"\,\ minimum-bitrate\=\(uint\)524800\,\ bitrate\=\(uint\)2551381\,\ maximum-bitrate\=\(uint\)8752000\;"
/GstPlayBin:playbin0/GstInputSelector:inputselector0.GstSelectorPad:sink_0: tags = "taglist\,\ video-codec\=\(string\)\"MPEG\\\ 2\\\ Video\"\,\ minimum-bitrate\=\(uint\)524800\,\ bitrate\=\(uint\)2537121\,\ maximum-bitrate\=\(uint\)8752000\;"
/GstPlayBin:playbin0/GstInputSelector:inputselector0.GstSelectorPad:sink_0: tags = "taglist\,\ video-codec\=\(string\)\"MPEG\\\ 2\\\ Video\"\,\ minimum-bitrate\=\(uint\)524800\,\ bitrate\=\(uint\)2523303\,\ maximum-bitrate\=\(uint\)8752000\;"
/GstPlayBin:playbin0/GstInputSelector:inputselector0.GstSelectorPad:sink_0: tags = "taglist\,\ video-codec\=\(string\)\"MPEG\\\ 2\\\ Video\"\,\ minimum-bitrate\=\(uint\)524800\,\ bitrate\=\(uint\)2580667\,\ maximum-bitrate\=\(uint\)8776000\;"
/GstPlayBin:playbin0/GstInputSelector:inputselector0.GstSelectorPad:sink_0: tags = "taglist\,\ video-codec\=\(string\)\"MPEG\\\ 2\\\ Video\"\,\ minimum-bitrate\=\(uint\)524800\,\ bitrate\=\(uint\)2565556\,\ maximum-bitrate\=\(uint\)8776000\;"
/GstPlayBin:playbin0/GstInputSelector:inputselector0.GstSelectorPad:sink_0: tags = "taglist\,\ video-codec\=\(string\)\"MPEG\\\ 2\\\ Video\"\,\ minimum-bitrate\=\(uint\)524800\,\ bitrate\=\(uint\)2548929\,\ maximum-bitrate\=\(uint\)8776000\;"
/GstPlayBin:playbin0/GstInputSelector:inputselector0.GstSelectorPad:sink_0: tags = "taglist\,\ video-codec\=\(string\)\"MPEG\\\ 2\\\ Video\"\,\ minimum-bitrate\=\(uint\)524800\,\ bitrate\=\(uint\)2526484\,\ maximum-bitrate\=\(uint\)8776000\;"
/GstPlayBin:playbin0/GstInputSelector:inputselector0.GstSelectorPad:sink_0: tags = "taglist\,\ video-codec\=\(string\)\"MPEG\\\ 2\\\ Video\"\,\ minimum-bitrate\=\(uint\)524800\,\ bitrate\=\(uint\)2516110\,\ maximum-bitrate\=\(uint\)8776000\;"
/GstPlayBin:playbin0/GstInputSelector:inputselector0.GstSelectorPad:sink_0: tags = "taglist\,\ video-codec\=\(string\)\"MPEG\\\ 2\\\ Video\"\,\ minimum-bitrate\=\(uint\)524800\,\ bitrate\=\(uint\)2503466\,\ maximum-bitrate\=\(uint\)8776000\;"
/GstPlayBin:playbin0/GstInputSelector:inputselector0.GstSelectorPad:sink_0: tags = "taglist\,\ video-codec\=\(string\)\"MPEG\\\ 2\\\ Video\"\,\ minimum-bitrate\=\(uint\)524800\,\ bitrate\=\(uint\)2513694\,\ maximum-bitrate\=\(uint\)8776000\;"
/GstPlayBin:playbin0/GstInputSelector:inputselector0.GstSelectorPad:sink_0: tags = "taglist\,\ video-codec\=\(string\)\"MPEG\\\ 2\\\ Video\"\,\ minimum-bitrate\=\(uint\)524800\,\ bitrate\=\(uint\)2502010\,\ maximum-bitrate\=\(uint\)8776000\;"
/GstPlayBin:playbin0/GstInputSelector:inputselector0.GstSelectorPad:sink_0: tags = "taglist\,\ video-codec\=\(string\)\"MPEG\\\ 2\\\ Video\"\,\ minimum-bitrate\=\(uint\)524800\,\ bitrate\=\(uint\)2490053\,\ maximum-bitrate\=\(uint\)8776000\;"
/GstPlayBin:playbin0/GstInputSelector:inputselector0.GstSelectorPad:sink_0: tags = "taglist\,\ video-codec\=\(string\)\"MPEG\\\ 2\\\ Video\"\,\ minimum-bitrate\=\(uint\)524800\,\ bitrate\=\(uint\)2584092\,\ maximum-bitrate\=\(uint\)13868800\;"
/GstPlayBin:playbin0/GstInputSelector:inputselector0.GstSelectorPad:sink_0: tags = "taglist\,\ video-codec\=\(string\)\"MPEG\\\ 2\\\ Video\"\,\ minimum-bitrate\=\(uint\)524800\,\ bitrate\=\(uint\)2567869\,\ maximum-bitrate\=\(uint\)13868800\;"
handling interrupt.
Interrupt: Stopping pipeline ...
Execution ended after 0:00:07.063756001
Setting pipeline to PAUSED ...
Setting pipeline to READY ...
Setting pipeline to NULL ...
Freeing pipeline ...
